/home/rails/.rvm/rubies/ruby-3.0.0/lib/ruby/3.0.0/uri/rfc2396_parser.rb:28: warning: already initialized constant URI::RFC2396_REGEXP::PATTERN::ALPHA
/home/rails/.rvm/gems/ruby-3.0.0/gems/uri-0.13.0/lib/uri/rfc2396_parser.rb:28: warning: previous definition of ALPHA was here
/home/rails/.rvm/rubies/ruby-3.0.0/lib/ruby/3.0.0/uri/rfc2396_parser.rb:30: warning: already initialized constant URI::RFC2396_REGEXP::PATTERN::ALNUM
/home/rails/.rvm/gems/ruby-3.0.0/gems/uri-0.13.0/lib/uri/rfc2396_parser.rb:30: warning: previous definition of ALNUM was here
/home/rails/.rvm/rubies/ruby-3.0.0/lib/ruby/3.0.0/uri/rfc2396_parser.rb:34: warning: already initialized constant URI::RFC2396_REGEXP::PATTERN::HEX
/home/rails/.rvm/gems/ruby-3.0.0/gems/uri-0.13.0/lib/uri/rfc2396_parser.rb:34: warning: previous definition of HEX was here
/home/rails/.rvm/rubies/ruby-3.0.0/lib/ruby/3.0.0/uri/rfc2396_parser.rb:36: warning: already initialized constant URI::RFC2396_REGEXP::PATTERN::ESCAPED
/home/rails/.rvm/gems/ruby-3.0.0/gems/uri-0.13.0/lib/uri/rfc2396_parser.rb:36: warning: previous definition of ESCAPED was here
/home/rails/.rvm/rubies/ruby-3.0.0/lib/ruby/3.0.0/uri/rfc2396_parser.rb:40: warning: already initialized constant URI::RFC2396_REGEXP::PATTERN::UNRESERVED
/home/rails/.rvm/gems/ruby-3.0.0/gems/uri-0.13.0/lib/uri/rfc2396_parser.rb:40: warning: previous definition of UNRESERVED was here
/home/rails/.rvm/rubies/ruby-3.0.0/lib/ruby/3.0.0/uri/rfc2396_parser.rb:45: warning: already initialized constant URI::RFC2396_REGEXP::PATTERN::RESERVED
/home/rails/.rvm/gems/ruby-3.0.0/gems/uri-0.13.0/lib/uri/rfc2396_parser.rb:45: warning: previous definition of RESERVED was here
/home/rails/.rvm/rubies/ruby-3.0.0/lib/ruby/3.0.0/uri/rfc2396_parser.rb:48: warning: already initialized constant URI::RFC2396_REGEXP::PATTERN::DOMLABEL
/home/rails/.rvm/gems/ruby-3.0.0/gems/uri-0.13.0/lib/uri/rfc2396_parser.rb:48: warning: previous definition of DOMLABEL was here
/home/rails/.rvm/rubies/ruby-3.0.0/lib/ruby/3.0.0/uri/rfc2396_parser.rb:50: warning: already initialized constant URI::RFC2396_REGEXP::PATTERN::TOPLABEL
/home/rails/.rvm/gems/ruby-3.0.0/gems/uri-0.13.0/lib/uri/rfc2396_parser.rb:50: warning: previous definition of TOPLABEL was here
/home/rails/.rvm/rubies/ruby-3.0.0/lib/ruby/3.0.0/uri/rfc2396_parser.rb:52: warning: already initialized constant URI::RFC2396_REGEXP::PATTERN::HOSTNAME
/home/rails/.rvm/gems/ruby-3.0.0/gems/uri-0.13.0/lib/uri/rfc2396_parser.rb:52: warning: previous definition of HOSTNAME was here
/home/rails/.rvm/rubies/ruby-3.0.0/lib/ruby/3.0.0/uri/rfc3986_parser.rb:6: warning: already initialized constant URI::RFC3986_Parser::RFC3986_URI
/home/rails/.rvm/gems/ruby-3.0.0/gems/uri-0.13.0/lib/uri/rfc3986_parser.rb:35: warning: previous definition of RFC3986_URI was here
/home/rails/.rvm/rubies/ruby-3.0.0/lib/ruby/3.0.0/uri/rfc3986_parser.rb:7: warning: already initialized constant URI::RFC3986_Parser::RFC3986_relative_ref
/home/rails/.rvm/gems/ruby-3.0.0/gems/uri-0.13.0/lib/uri/rfc3986_parser.rb:54: warning: previous definition of RFC3986_relative_ref was here
/home/rails/.rvm/rubies/ruby-3.0.0/lib/ruby/3.0.0/uri/common.rb:16: warning: already initialized constant URI::REGEXP
/home/rails/.rvm/gems/ruby-3.0.0/gems/uri-0.13.0/lib/uri/common.rb:18: warning: previous definition of REGEXP was here
/home/rails/.rvm/rubies/ruby-3.0.0/lib/ruby/3.0.0/uri/common.rb:17: warning: already initialized constant URI::Parser
/home/rails/.rvm/gems/ruby-3.0.0/gems/uri-0.13.0/lib/uri/common.rb:19: warning: previous definition of Parser was here
/home/rails/.rvm/rubies/ruby-3.0.0/lib/ruby/3.0.0/uri/common.rb:18: warning: already initialized constant URI::RFC3986_PARSER
/home/rails/.rvm/gems/ruby-3.0.0/gems/uri-0.13.0/lib/uri/common.rb:20: warning: previous definition of RFC3986_PARSER was here
/home/rails/.rvm/rubies/ruby-3.0.0/lib/ruby/3.0.0/uri/common.rb:21: warning: already initialized constant URI::DEFAULT_PARSER
/home/rails/.rvm/gems/ruby-3.0.0/gems/uri-0.13.0/lib/uri/common.rb:24: warning: previous definition of DEFAULT_PARSER was here
/home/rails/.rvm/rubies/ruby-3.0.0/lib/ruby/3.0.0/uri/common.rb:28: warning: already initialized constant URI::ABS_URI
/home/rails/.rvm/gems/ruby-3.0.0/gems/uri-0.13.0/lib/uri/common.rb:31: warning: previous definition of ABS_URI was here
/home/rails/.rvm/rubies/ruby-3.0.0/lib/ruby/3.0.0/uri/common.rb:28: warning: already initialized constant URI::REL_URI
/home/rails/.rvm/gems/ruby-3.0.0/gems/uri-0.13.0/lib/uri/common.rb:31: warning: previous definition of REL_URI was here
/home/rails/.rvm/rubies/ruby-3.0.0/lib/ruby/3.0.0/uri/common.rb:28: warning: already initialized constant URI::URI_REF
/home/rails/.rvm/gems/ruby-3.0.0/gems/uri-0.13.0/lib/uri/common.rb:31: warning: previous definition of URI_REF was here
/home/rails/.rvm/rubies/ruby-3.0.0/lib/ruby/3.0.0/uri/common.rb:28: warning: already initialized constant URI::ABS_URI_REF
/home/rails/.rvm/gems/ruby-3.0.0/gems/uri-0.13.0/lib/uri/common.rb:31: warning: previous definition of ABS_URI_REF was here
/home/rails/.rvm/rubies/ruby-3.0.0/lib/ruby/3.0.0/uri/common.rb:28: warning: already initialized constant URI::REL_URI_REF
/home/rails/.rvm/gems/ruby-3.0.0/gems/uri-0.13.0/lib/uri/common.rb:31: warning: previous definition of REL_URI_REF was here
/home/rails/.rvm/rubies/ruby-3.0.0/lib/ruby/3.0.0/uri/common.rb:28: warning: already initialized constant URI::ESCAPED
/home/rails/.rvm/gems/ruby-3.0.0/gems/uri-0.13.0/lib/uri/common.rb:31: warning: previous definition of ESCAPED was here
/home/rails/.rvm/rubies/ruby-3.0.0/lib/ruby/3.0.0/uri/common.rb:28: warning: already initialized constant URI::UNSAFE
/home/rails/.rvm/gems/ruby-3.0.0/gems/uri-0.13.0/lib/uri/common.rb:31: warning: previous definition of UNSAFE was here
/home/rails/.rvm/rubies/ruby-3.0.0/lib/ruby/3.0.0/uri/common.rb:28: warning: already initialized constant URI::SCHEME
/home/rails/.rvm/gems/ruby-3.0.0/gems/uri-0.13.0/lib/uri/common.rb:31: warning: previous definition of SCHEME was here
/home/rails/.rvm/rubies/ruby-3.0.0/lib/ruby/3.0.0/uri/common.rb:28: warning: already initialized constant URI::USERINFO
/home/rails/.rvm/gems/ruby-3.0.0/gems/uri-0.13.0/lib/uri/common.rb:31: warning: previous definition of USERINFO was here
/home/rails/.rvm/rubies/ruby-3.0.0/lib/ruby/3.0.0/uri/common.rb:28: warning: already initialized constant URI::HOST
/home/rails/.rvm/gems/ruby-3.0.0/gems/uri-0.13.0/lib/uri/common.rb:31: warning: previous definition of HOST was here
/home/rails/.rvm/rubies/ruby-3.0.0/lib/ruby/3.0.0/uri/common.rb:28: warning: already initialized constant URI::PORT
/home/rails/.rvm/gems/ruby-3.0.0/gems/uri-0.13.0/lib/uri/common.rb:31: warning: previous definition of PORT was here
/home/rails/.rvm/rubies/ruby-3.0.0/lib/ruby/3.0.0/uri/common.rb:28: warning: already initialized constant URI::OPAQUE
/home/rails/.rvm/gems/ruby-3.0.0/gems/uri-0.13.0/lib/uri/common.rb:31: warning: previous definition of OPAQUE was here
/home/rails/.rvm/rubies/ruby-3.0.0/lib/ruby/3.0.0/uri/common.rb:28: warning: already initialized constant URI::REGISTRY
/home/rails/.rvm/gems/ruby-3.0.0/gems/uri-0.13.0/lib/uri/common.rb:31: warning: previous definition of REGISTRY was here
/home/rails/.rvm/rubies/ruby-3.0.0/lib/ruby/3.0.0/uri/common.rb:28: warning: already initialized constant URI::ABS_PATH
/home/rails/.rvm/gems/ruby-3.0.0/gems/uri-0.13.0/lib/uri/common.rb:31: warning: previous definition of ABS_PATH was here
/home/rails/.rvm/rubies/ruby-3.0.0/lib/ruby/3.0.0/uri/common.rb:28: warning: already initialized constant URI::REL_PATH
/home/rails/.rvm/gems/ruby-3.0.0/gems/uri-0.13.0/lib/uri/common.rb:31: warning: previous definition of REL_PATH was here
/home/rails/.rvm/rubies/ruby-3.0.0/lib/ruby/3.0.0/uri/common.rb:28: warning: already initialized constant URI::QUERY
/home/rails/.rvm/gems/ruby-3.0.0/gems/uri-0.13.0/lib/uri/common.rb:31: warning: previous definition of QUERY was here
/home/rails/.rvm/rubies/ruby-3.0.0/lib/ruby/3.0.0/uri/common.rb:28: warning: already initialized constant URI::FRAGMENT
/home/rails/.rvm/gems/ruby-3.0.0/gems/uri-0.13.0/lib/uri/common.rb:31: warning: previous definition of FRAGMENT was here
/home/rails/.rvm/rubies/ruby-3.0.0/lib/ruby/3.0.0/uri/common.rb:277: warning: already initialized constant URI::TBLENCWWWCOMP_
/home/rails/.rvm/gems/ruby-3.0.0/gems/uri-0.13.0/lib/uri/common.rb:281: warning: previous definition of TBLENCWWWCOMP_ was here
/home/rails/.rvm/rubies/ruby-3.0.0/lib/ruby/3.0.0/uri/common.rb:283: warning: already initialized constant URI::TBLDECWWWCOMP_
/home/rails/.rvm/gems/ruby-3.0.0/gems/uri-0.13.0/lib/uri/common.rb:288: warning: previous definition of TBLDECWWWCOMP_ was here
/home/rails/.rvm/rubies/ruby-3.0.0/lib/ruby/3.0.0/uri/common.rb:449: warning: already initialized constant URI::WEB_ENCODINGS_
/home/rails/.rvm/gems/ruby-3.0.0/gems/uri-0.13.0/lib/uri/common.rb:612: warning: previous definition of WEB_ENCODINGS_ was here
/home/rails/.rvm/rubies/ruby-3.0.0/lib/ruby/3.0.0/uri/generic.rb:27: warning: already initialized constant URI::Generic::DEFAULT_PORT
/home/rails/.rvm/gems/ruby-3.0.0/gems/uri-0.13.0/lib/uri/generic.rb:27: warning: previous definition of DEFAULT_PORT was here
/home/rails/.rvm/rubies/ruby-3.0.0/lib/ruby/3.0.0/uri/generic.rb:46: warning: already initialized constant URI::Generic::COMPONENT
/home/rails/.rvm/gems/ruby-3.0.0/gems/uri-0.13.0/lib/uri/generic.rb:46: warning: previous definition of COMPONENT was here
/home/rails/.rvm/rubies/ruby-3.0.0/lib/ruby/3.0.0/uri/generic.rb:61: warning: already initialized constant URI::Generic::USE_REGISTRY
/home/rails/.rvm/gems/ruby-3.0.0/gems/uri-0.13.0/lib/uri/generic.rb:61: warning: previous definition of USE_REGISTRY was here
/home/rails/.rvm/rubies/ruby-3.0.0/lib/ruby/3.0.0/uri/version.rb:3: warning: already initialized constant URI::VERSION_CODE
/home/rails/.rvm/gems/ruby-3.0.0/gems/uri-0.13.0/lib/uri/version.rb:3: warning: previous definition of VERSION_CODE was here
/home/rails/.rvm/rubies/ruby-3.0.0/lib/ruby/3.0.0/uri/version.rb:4: warning: already initialized constant URI::VERSION
/home/rails/.rvm/gems/ruby-3.0.0/gems/uri-0.13.0/lib/uri/version.rb:4: warning: previous definition of VERSION was here
/home/rails/.rvm/rubies/ruby-3.0.0/lib/ruby/3.0.0/uri/file.rb:12: warning: already initialized constant URI::File::DEFAULT_PORT
/home/rails/.rvm/gems/ruby-3.0.0/gems/uri-0.13.0/lib/uri/file.rb:12: warning: previous definition of DEFAULT_PORT was here
/home/rails/.rvm/rubies/ruby-3.0.0/lib/ruby/3.0.0/uri/file.rb:17: warning: already initialized constant URI::File::COMPONENT
/home/rails/.rvm/gems/ruby-3.0.0/gems/uri-0.13.0/lib/uri/file.rb:17: warning: previous definition of COMPONENT was here
/home/rails/.rvm/rubies/ruby-3.0.0/lib/ruby/3.0.0/uri/ftp.rb:24: warning: already initialized constant URI::FTP::DEFAULT_PORT
/home/rails/.rvm/gems/ruby-3.0.0/gems/uri-0.13.0/lib/uri/ftp.rb:24: warning: previous definition of DEFAULT_PORT was here
/home/rails/.rvm/rubies/ruby-3.0.0/lib/ruby/3.0.0/uri/ftp.rb:29: warning: already initialized constant URI::FTP::COMPONENT
/home/rails/.rvm/gems/ruby-3.0.0/gems/uri-0.13.0/lib/uri/ftp.rb:29: warning: previous definition of COMPONENT was here
/home/rails/.rvm/rubies/ruby-3.0.0/lib/ruby/3.0.0/uri/ftp.rb:42: warning: already initialized constant URI::FTP::TYPECODE
/home/rails/.rvm/gems/ruby-3.0.0/gems/uri-0.13.0/lib/uri/ftp.rb:42: warning: previous definition of TYPECODE was here
/home/rails/.rvm/rubies/ruby-3.0.0/lib/ruby/3.0.0/uri/ftp.rb:45: warning: already initialized constant URI::FTP::TYPECODE_PREFIX
/home/rails/.rvm/gems/ruby-3.0.0/gems/uri-0.13.0/lib/uri/ftp.rb:45: warning: previous definition of TYPECODE_PREFIX was here
/home/rails/.rvm/rubies/ruby-3.0.0/lib/ruby/3.0.0/uri/http.rb:24: warning: already initialized constant URI::HTTP::DEFAULT_PORT
/home/rails/.rvm/gems/ruby-3.0.0/gems/uri-0.13.0/lib/uri/http.rb:24: warning: previous definition of DEFAULT_PORT was here
/home/rails/.rvm/rubies/ruby-3.0.0/lib/ruby/3.0.0/uri/http.rb:27: warning: already initialized constant URI::HTTP::COMPONENT
/home/rails/.rvm/gems/ruby-3.0.0/gems/uri-0.13.0/lib/uri/http.rb:27: warning: previous definition of COMPONENT was here
/home/rails/.rvm/rubies/ruby-3.0.0/lib/ruby/3.0.0/uri/https.rb:19: warning: already initialized constant URI::HTTPS::DEFAULT_PORT
/home/rails/.rvm/gems/ruby-3.0.0/gems/uri-0.13.0/lib/uri/https.rb:19: warning: previous definition of DEFAULT_PORT was here
/home/rails/.rvm/rubies/ruby-3.0.0/lib/ruby/3.0.0/uri/ldap.rb:26: warning: already initialized constant URI::LDAP::DEFAULT_PORT
/home/rails/.rvm/gems/ruby-3.0.0/gems/uri-0.13.0/lib/uri/ldap.rb:26: warning: previous definition of DEFAULT_PORT was here
/home/rails/.rvm/rubies/ruby-3.0.0/lib/ruby/3.0.0/uri/ldap.rb:29: warning: already initialized constant URI::LDAP::COMPONENT
/home/rails/.rvm/gems/ruby-3.0.0/gems/uri-0.13.0/lib/uri/ldap.rb:29: warning: previous definition of COMPONENT was here
/home/rails/.rvm/rubies/ruby-3.0.0/lib/ruby/3.0.0/uri/ldap.rb:47: warning: already initialized constant URI::LDAP::SCOPE_ONE
/home/rails/.rvm/gems/ruby-3.0.0/gems/uri-0.13.0/lib/uri/ldap.rb:47: warning: previous definition of SCOPE_ONE was here
/home/rails/.rvm/rubies/ruby-3.0.0/lib/ruby/3.0.0/uri/ldap.rb:48: warning: already initialized constant URI::LDAP::SCOPE_SUB
/home/rails/.rvm/gems/ruby-3.0.0/gems/uri-0.13.0/lib/uri/ldap.rb:48: warning: previous definition of SCOPE_SUB was here
/home/rails/.rvm/rubies/ruby-3.0.0/lib/ruby/3.0.0/uri/ldap.rb:49: warning: already initialized constant URI::LDAP::SCOPE_BASE
/home/rails/.rvm/gems/ruby-3.0.0/gems/uri-0.13.0/lib/uri/ldap.rb:49: warning: previous definition of SCOPE_BASE was here
/home/rails/.rvm/rubies/ruby-3.0.0/lib/ruby/3.0.0/uri/ldap.rb:46: warning: already initialized constant URI::LDAP::SCOPE
/home/rails/.rvm/gems/ruby-3.0.0/gems/uri-0.13.0/lib/uri/ldap.rb:46: warning: previous definition of SCOPE was here
/home/rails/.rvm/rubies/ruby-3.0.0/lib/ruby/3.0.0/uri/ldaps.rb:18: warning: already initialized constant URI::LDAPS::DEFAULT_PORT
/home/rails/.rvm/gems/ruby-3.0.0/gems/uri-0.13.0/lib/uri/ldaps.rb:18: warning: previous definition of DEFAULT_PORT was here
/home/rails/.rvm/rubies/ruby-3.0.0/lib/ruby/3.0.0/uri/mailto.rb:21: warning: already initialized constant URI::MailTo::DEFAULT_PORT
/home/rails/.rvm/gems/ruby-3.0.0/gems/uri-0.13.0/lib/uri/mailto.rb:21: warning: previous definition of DEFAULT_PORT was here
/home/rails/.rvm/rubies/ruby-3.0.0/lib/ruby/3.0.0/uri/mailto.rb:24: warning: already initialized constant URI::MailTo::COMPONENT
/home/rails/.rvm/gems/ruby-3.0.0/gems/uri-0.13.0/lib/uri/mailto.rb:24: warning: previous definition of COMPONENT was here
/home/rails/.rvm/rubies/ruby-3.0.0/lib/ruby/3.0.0/uri/mailto.rb:52: warning: already initialized constant URI::MailTo::HEADER_REGEXP
/home/rails/.rvm/gems/ruby-3.0.0/gems/uri-0.13.0/lib/uri/mailto.rb:52: warning: previous definition of HEADER_REGEXP was here
/home/rails/.rvm/rubies/ruby-3.0.0/lib/ruby/3.0.0/uri/mailto.rb:55: warning: already initialized constant URI::MailTo::EMAIL_REGEXP
/home/rails/.rvm/gems/ruby-3.0.0/gems/uri-0.13.0/lib/uri/mailto.rb:55: warning: previous definition of EMAIL_REGEXP was here
Please specify a valid ruby command or the path of a script to run.
Run 'bin/rails runner -h' for help.

undefined method `third_wednesday_week?' for DailyResultStatsCalculator:Class
/home/rails/.rvm/rubies/ruby-3.0.0/lib/ruby/3.0.0/uri/rfc2396_parser.rb:28: warning: already initialized constant URI::RFC2396_REGEXP::PATTERN::ALPHA
/home/rails/.rvm/gems/ruby-3.0.0/gems/uri-0.13.0/lib/uri/rfc2396_parser.rb:28: warning: previous definition of ALPHA was here
/home/rails/.rvm/rubies/ruby-3.0.0/lib/ruby/3.0.0/uri/rfc2396_parser.rb:30: warning: already initialized constant URI::RFC2396_REGEXP::PATTERN::ALNUM
/home/rails/.rvm/gems/ruby-3.0.0/gems/uri-0.13.0/lib/uri/rfc2396_parser.rb:30: warning: previous definition of ALNUM was here
/home/rails/.rvm/rubies/ruby-3.0.0/lib/ruby/3.0.0/uri/rfc2396_parser.rb:34: warning: already initialized constant URI::RFC2396_REGEXP::PATTERN::HEX
/home/rails/.rvm/gems/ruby-3.0.0/gems/uri-0.13.0/lib/uri/rfc2396_parser.rb:34: warning: previous definition of HEX was here
/home/rails/.rvm/rubies/ruby-3.0.0/lib/ruby/3.0.0/uri/rfc2396_parser.rb:36: warning: already initialized constant URI::RFC2396_REGEXP::PATTERN::ESCAPED
/home/rails/.rvm/gems/ruby-3.0.0/gems/uri-0.13.0/lib/uri/rfc2396_parser.rb:36: warning: previous definition of ESCAPED was here
/home/rails/.rvm/rubies/ruby-3.0.0/lib/ruby/3.0.0/uri/rfc2396_parser.rb:40: warning: already initialized constant URI::RFC2396_REGEXP::PATTERN::UNRESERVED
/home/rails/.rvm/gems/ruby-3.0.0/gems/uri-0.13.0/lib/uri/rfc2396_parser.rb:40: warning: previous definition of UNRESERVED was here
/home/rails/.rvm/rubies/ruby-3.0.0/lib/ruby/3.0.0/uri/rfc2396_parser.rb:45: warning: already initialized constant URI::RFC2396_REGEXP::PATTERN::RESERVED
/home/rails/.rvm/gems/ruby-3.0.0/gems/uri-0.13.0/lib/uri/rfc2396_parser.rb:45: warning: previous definition of RESERVED was here
/home/rails/.rvm/rubies/ruby-3.0.0/lib/ruby/3.0.0/uri/rfc2396_parser.rb:48: warning: already initialized constant URI::RFC2396_REGEXP::PATTERN::DOMLABEL
/home/rails/.rvm/gems/ruby-3.0.0/gems/uri-0.13.0/lib/uri/rfc2396_parser.rb:48: warning: previous definition of DOMLABEL was here
/home/rails/.rvm/rubies/ruby-3.0.0/lib/ruby/3.0.0/uri/rfc2396_parser.rb:50: warning: already initialized constant URI::RFC2396_REGEXP::PATTERN::TOPLABEL
/home/rails/.rvm/gems/ruby-3.0.0/gems/uri-0.13.0/lib/uri/rfc2396_parser.rb:50: warning: previous definition of TOPLABEL was here
/home/rails/.rvm/rubies/ruby-3.0.0/lib/ruby/3.0.0/uri/rfc2396_parser.rb:52: warning: already initialized constant URI::RFC2396_REGEXP::PATTERN::HOSTNAME
/home/rails/.rvm/gems/ruby-3.0.0/gems/uri-0.13.0/lib/uri/rfc2396_parser.rb:52: warning: previous definition of HOSTNAME was here
/home/rails/.rvm/rubies/ruby-3.0.0/lib/ruby/3.0.0/uri/rfc3986_parser.rb:6: warning: already initialized constant URI::RFC3986_Parser::RFC3986_URI
/home/rails/.rvm/gems/ruby-3.0.0/gems/uri-0.13.0/lib/uri/rfc3986_parser.rb:35: warning: previous definition of RFC3986_URI was here
/home/rails/.rvm/rubies/ruby-3.0.0/lib/ruby/3.0.0/uri/rfc3986_parser.rb:7: warning: already initialized constant URI::RFC3986_Parser::RFC3986_relative_ref
/home/rails/.rvm/gems/ruby-3.0.0/gems/uri-0.13.0/lib/uri/rfc3986_parser.rb:54: warning: previous definition of RFC3986_relative_ref was here
/home/rails/.rvm/rubies/ruby-3.0.0/lib/ruby/3.0.0/uri/common.rb:16: warning: already initialized constant URI::REGEXP
/home/rails/.rvm/gems/ruby-3.0.0/gems/uri-0.13.0/lib/uri/common.rb:18: warning: previous definition of REGEXP was here
/home/rails/.rvm/rubies/ruby-3.0.0/lib/ruby/3.0.0/uri/common.rb:17: warning: already initialized constant URI::Parser
/home/rails/.rvm/gems/ruby-3.0.0/gems/uri-0.13.0/lib/uri/common.rb:19: warning: previous definition of Parser was here
/home/rails/.rvm/rubies/ruby-3.0.0/lib/ruby/3.0.0/uri/common.rb:18: warning: already initialized constant URI::RFC3986_PARSER
/home/rails/.rvm/gems/ruby-3.0.0/gems/uri-0.13.0/lib/uri/common.rb:20: warning: previous definition of RFC3986_PARSER was here
/home/rails/.rvm/rubies/ruby-3.0.0/lib/ruby/3.0.0/uri/common.rb:21: warning: already initialized constant URI::DEFAULT_PARSER
/home/rails/.rvm/gems/ruby-3.0.0/gems/uri-0.13.0/lib/uri/common.rb:24: warning: previous definition of DEFAULT_PARSER was here
/home/rails/.rvm/rubies/ruby-3.0.0/lib/ruby/3.0.0/uri/common.rb:28: warning: already initialized constant URI::ABS_URI
/home/rails/.rvm/gems/ruby-3.0.0/gems/uri-0.13.0/lib/uri/common.rb:31: warning: previous definition of ABS_URI was here
/home/rails/.rvm/rubies/ruby-3.0.0/lib/ruby/3.0.0/uri/common.rb:28: warning: already initialized constant URI::REL_URI
/home/rails/.rvm/gems/ruby-3.0.0/gems/uri-0.13.0/lib/uri/common.rb:31: warning: previous definition of REL_URI was here
/home/rails/.rvm/rubies/ruby-3.0.0/lib/ruby/3.0.0/uri/common.rb:28: warning: already initialized constant URI::URI_REF
/home/rails/.rvm/gems/ruby-3.0.0/gems/uri-0.13.0/lib/uri/common.rb:31: warning: previous definition of URI_REF was here
/home/rails/.rvm/rubies/ruby-3.0.0/lib/ruby/3.0.0/uri/common.rb:28: warning: already initialized constant URI::ABS_URI_REF
/home/rails/.rvm/gems/ruby-3.0.0/gems/uri-0.13.0/lib/uri/common.rb:31: warning: previous definition of ABS_URI_REF was here
/home/rails/.rvm/rubies/ruby-3.0.0/lib/ruby/3.0.0/uri/common.rb:28: warning: already initialized constant URI::REL_URI_REF
/home/rails/.rvm/gems/ruby-3.0.0/gems/uri-0.13.0/lib/uri/common.rb:31: warning: previous definition of REL_URI_REF was here
/home/rails/.rvm/rubies/ruby-3.0.0/lib/ruby/3.0.0/uri/common.rb:28: warning: already initialized constant URI::ESCAPED
/home/rails/.rvm/gems/ruby-3.0.0/gems/uri-0.13.0/lib/uri/common.rb:31: warning: previous definition of ESCAPED was here
/home/rails/.rvm/rubies/ruby-3.0.0/lib/ruby/3.0.0/uri/common.rb:28: warning: already initialized constant URI::UNSAFE
/home/rails/.rvm/gems/ruby-3.0.0/gems/uri-0.13.0/lib/uri/common.rb:31: warning: previous definition of UNSAFE was here
/home/rails/.rvm/rubies/ruby-3.0.0/lib/ruby/3.0.0/uri/common.rb:28: warning: already initialized constant URI::SCHEME
/home/rails/.rvm/gems/ruby-3.0.0/gems/uri-0.13.0/lib/uri/common.rb:31: warning: previous definition of SCHEME was here
/home/rails/.rvm/rubies/ruby-3.0.0/lib/ruby/3.0.0/uri/common.rb:28: warning: already initialized constant URI::USERINFO
/home/rails/.rvm/gems/ruby-3.0.0/gems/uri-0.13.0/lib/uri/common.rb:31: warning: previous definition of USERINFO was here
/home/rails/.rvm/rubies/ruby-3.0.0/lib/ruby/3.0.0/uri/common.rb:28: warning: already initialized constant URI::HOST
/home/rails/.rvm/gems/ruby-3.0.0/gems/uri-0.13.0/lib/uri/common.rb:31: warning: previous definition of HOST was here
/home/rails/.rvm/rubies/ruby-3.0.0/lib/ruby/3.0.0/uri/common.rb:28: warning: already initialized constant URI::PORT
/home/rails/.rvm/gems/ruby-3.0.0/gems/uri-0.13.0/lib/uri/common.rb:31: warning: previous definition of PORT was here
/home/rails/.rvm/rubies/ruby-3.0.0/lib/ruby/3.0.0/uri/common.rb:28: warning: already initialized constant URI::OPAQUE
/home/rails/.rvm/gems/ruby-3.0.0/gems/uri-0.13.0/lib/uri/common.rb:31: warning: previous definition of OPAQUE was here
/home/rails/.rvm/rubies/ruby-3.0.0/lib/ruby/3.0.0/uri/common.rb:28: warning: already initialized constant URI::REGISTRY
/home/rails/.rvm/gems/ruby-3.0.0/gems/uri-0.13.0/lib/uri/common.rb:31: warning: previous definition of REGISTRY was here
/home/rails/.rvm/rubies/ruby-3.0.0/lib/ruby/3.0.0/uri/common.rb:28: warning: already initialized constant URI::ABS_PATH
/home/rails/.rvm/gems/ruby-3.0.0/gems/uri-0.13.0/lib/uri/common.rb:31: warning: previous definition of ABS_PATH was here
/home/rails/.rvm/rubies/ruby-3.0.0/lib/ruby/3.0.0/uri/common.rb:28: warning: already initialized constant URI::REL_PATH
/home/rails/.rvm/gems/ruby-3.0.0/gems/uri-0.13.0/lib/uri/common.rb:31: warning: previous definition of REL_PATH was here
/home/rails/.rvm/rubies/ruby-3.0.0/lib/ruby/3.0.0/uri/common.rb:28: warning: already initialized constant URI::QUERY
/home/rails/.rvm/gems/ruby-3.0.0/gems/uri-0.13.0/lib/uri/common.rb:31: warning: previous definition of QUERY was here
/home/rails/.rvm/rubies/ruby-3.0.0/lib/ruby/3.0.0/uri/common.rb:28: warning: already initialized constant URI::FRAGMENT
/home/rails/.rvm/gems/ruby-3.0.0/gems/uri-0.13.0/lib/uri/common.rb:31: warning: previous definition of FRAGMENT was here
/home/rails/.rvm/rubies/ruby-3.0.0/lib/ruby/3.0.0/uri/common.rb:277: warning: already initialized constant URI::TBLENCWWWCOMP_
/home/rails/.rvm/gems/ruby-3.0.0/gems/uri-0.13.0/lib/uri/common.rb:281: warning: previous definition of TBLENCWWWCOMP_ was here
/home/rails/.rvm/rubies/ruby-3.0.0/lib/ruby/3.0.0/uri/common.rb:283: warning: already initialized constant URI::TBLDECWWWCOMP_
/home/rails/.rvm/gems/ruby-3.0.0/gems/uri-0.13.0/lib/uri/common.rb:288: warning: previous definition of TBLDECWWWCOMP_ was here
/home/rails/.rvm/rubies/ruby-3.0.0/lib/ruby/3.0.0/uri/common.rb:449: warning: already initialized constant URI::WEB_ENCODINGS_
/home/rails/.rvm/gems/ruby-3.0.0/gems/uri-0.13.0/lib/uri/common.rb:612: warning: previous definition of WEB_ENCODINGS_ was here
/home/rails/.rvm/rubies/ruby-3.0.0/lib/ruby/3.0.0/uri/generic.rb:27: warning: already initialized constant URI::Generic::DEFAULT_PORT
/home/rails/.rvm/gems/ruby-3.0.0/gems/uri-0.13.0/lib/uri/generic.rb:27: warning: previous definition of DEFAULT_PORT was here
/home/rails/.rvm/rubies/ruby-3.0.0/lib/ruby/3.0.0/uri/generic.rb:46: warning: already initialized constant URI::Generic::COMPONENT
/home/rails/.rvm/gems/ruby-3.0.0/gems/uri-0.13.0/lib/uri/generic.rb:46: warning: previous definition of COMPONENT was here
/home/rails/.rvm/rubies/ruby-3.0.0/lib/ruby/3.0.0/uri/generic.rb:61: warning: already initialized constant URI::Generic::USE_REGISTRY
/home/rails/.rvm/gems/ruby-3.0.0/gems/uri-0.13.0/lib/uri/generic.rb:61: warning: previous definition of USE_REGISTRY was here
/home/rails/.rvm/rubies/ruby-3.0.0/lib/ruby/3.0.0/uri/version.rb:3: warning: already initialized constant URI::VERSION_CODE
/home/rails/.rvm/gems/ruby-3.0.0/gems/uri-0.13.0/lib/uri/version.rb:3: warning: previous definition of VERSION_CODE was here
/home/rails/.rvm/rubies/ruby-3.0.0/lib/ruby/3.0.0/uri/version.rb:4: warning: already initialized constant URI::VERSION
/home/rails/.rvm/gems/ruby-3.0.0/gems/uri-0.13.0/lib/uri/version.rb:4: warning: previous definition of VERSION was here
/home/rails/.rvm/rubies/ruby-3.0.0/lib/ruby/3.0.0/uri/file.rb:12: warning: already initialized constant URI::File::DEFAULT_PORT
/home/rails/.rvm/gems/ruby-3.0.0/gems/uri-0.13.0/lib/uri/file.rb:12: warning: previous definition of DEFAULT_PORT was here
/home/rails/.rvm/rubies/ruby-3.0.0/lib/ruby/3.0.0/uri/file.rb:17: warning: already initialized constant URI::File::COMPONENT
/home/rails/.rvm/gems/ruby-3.0.0/gems/uri-0.13.0/lib/uri/file.rb:17: warning: previous definition of COMPONENT was here
/home/rails/.rvm/rubies/ruby-3.0.0/lib/ruby/3.0.0/uri/ftp.rb:24: warning: already initialized constant URI::FTP::DEFAULT_PORT
/home/rails/.rvm/gems/ruby-3.0.0/gems/uri-0.13.0/lib/uri/ftp.rb:24: warning: previous definition of DEFAULT_PORT was here
/home/rails/.rvm/rubies/ruby-3.0.0/lib/ruby/3.0.0/uri/ftp.rb:29: warning: already initialized constant URI::FTP::COMPONENT
/home/rails/.rvm/gems/ruby-3.0.0/gems/uri-0.13.0/lib/uri/ftp.rb:29: warning: previous definition of COMPONENT was here
/home/rails/.rvm/rubies/ruby-3.0.0/lib/ruby/3.0.0/uri/ftp.rb:42: warning: already initialized constant URI::FTP::TYPECODE
/home/rails/.rvm/gems/ruby-3.0.0/gems/uri-0.13.0/lib/uri/ftp.rb:42: warning: previous definition of TYPECODE was here
/home/rails/.rvm/rubies/ruby-3.0.0/lib/ruby/3.0.0/uri/ftp.rb:45: warning: already initialized constant URI::FTP::TYPECODE_PREFIX
/home/rails/.rvm/gems/ruby-3.0.0/gems/uri-0.13.0/lib/uri/ftp.rb:45: warning: previous definition of TYPECODE_PREFIX was here
/home/rails/.rvm/rubies/ruby-3.0.0/lib/ruby/3.0.0/uri/http.rb:24: warning: already initialized constant URI::HTTP::DEFAULT_PORT
/home/rails/.rvm/gems/ruby-3.0.0/gems/uri-0.13.0/lib/uri/http.rb:24: warning: previous definition of DEFAULT_PORT was here
/home/rails/.rvm/rubies/ruby-3.0.0/lib/ruby/3.0.0/uri/http.rb:27: warning: already initialized constant URI::HTTP::COMPONENT
/home/rails/.rvm/gems/ruby-3.0.0/gems/uri-0.13.0/lib/uri/http.rb:27: warning: previous definition of COMPONENT was here
/home/rails/.rvm/rubies/ruby-3.0.0/lib/ruby/3.0.0/uri/https.rb:19: warning: already initialized constant URI::HTTPS::DEFAULT_PORT
/home/rails/.rvm/gems/ruby-3.0.0/gems/uri-0.13.0/lib/uri/https.rb:19: warning: previous definition of DEFAULT_PORT was here
/home/rails/.rvm/rubies/ruby-3.0.0/lib/ruby/3.0.0/uri/ldap.rb:26: warning: already initialized constant URI::LDAP::DEFAULT_PORT
/home/rails/.rvm/gems/ruby-3.0.0/gems/uri-0.13.0/lib/uri/ldap.rb:26: warning: previous definition of DEFAULT_PORT was here
/home/rails/.rvm/rubies/ruby-3.0.0/lib/ruby/3.0.0/uri/ldap.rb:29: warning: already initialized constant URI::LDAP::COMPONENT
/home/rails/.rvm/gems/ruby-3.0.0/gems/uri-0.13.0/lib/uri/ldap.rb:29: warning: previous definition of COMPONENT was here
/home/rails/.rvm/rubies/ruby-3.0.0/lib/ruby/3.0.0/uri/ldap.rb:47: warning: already initialized constant URI::LDAP::SCOPE_ONE
/home/rails/.rvm/gems/ruby-3.0.0/gems/uri-0.13.0/lib/uri/ldap.rb:47: warning: previous definition of SCOPE_ONE was here
/home/rails/.rvm/rubies/ruby-3.0.0/lib/ruby/3.0.0/uri/ldap.rb:48: warning: already initialized constant URI::LDAP::SCOPE_SUB
/home/rails/.rvm/gems/ruby-3.0.0/gems/uri-0.13.0/lib/uri/ldap.rb:48: warning: previous definition of SCOPE_SUB was here
/home/rails/.rvm/rubies/ruby-3.0.0/lib/ruby/3.0.0/uri/ldap.rb:49: warning: already initialized constant URI::LDAP::SCOPE_BASE
/home/rails/.rvm/gems/ruby-3.0.0/gems/uri-0.13.0/lib/uri/ldap.rb:49: warning: previous definition of SCOPE_BASE was here
/home/rails/.rvm/rubies/ruby-3.0.0/lib/ruby/3.0.0/uri/ldap.rb:46: warning: already initialized constant URI::LDAP::SCOPE
/home/rails/.rvm/gems/ruby-3.0.0/gems/uri-0.13.0/lib/uri/ldap.rb:46: warning: previous definition of SCOPE was here
/home/rails/.rvm/rubies/ruby-3.0.0/lib/ruby/3.0.0/uri/ldaps.rb:18: warning: already initialized constant URI::LDAPS::DEFAULT_PORT
/home/rails/.rvm/gems/ruby-3.0.0/gems/uri-0.13.0/lib/uri/ldaps.rb:18: warning: previous definition of DEFAULT_PORT was here
/home/rails/.rvm/rubies/ruby-3.0.0/lib/ruby/3.0.0/uri/mailto.rb:21: warning: already initialized constant URI::MailTo::DEFAULT_PORT
/home/rails/.rvm/gems/ruby-3.0.0/gems/uri-0.13.0/lib/uri/mailto.rb:21: warning: previous definition of DEFAULT_PORT was here
/home/rails/.rvm/rubies/ruby-3.0.0/lib/ruby/3.0.0/uri/mailto.rb:24: warning: already initialized constant URI::MailTo::COMPONENT
/home/rails/.rvm/gems/ruby-3.0.0/gems/uri-0.13.0/lib/uri/mailto.rb:24: warning: previous definition of COMPONENT was here
/home/rails/.rvm/rubies/ruby-3.0.0/lib/ruby/3.0.0/uri/mailto.rb:52: warning: already initialized constant URI::MailTo::HEADER_REGEXP
/home/rails/.rvm/gems/ruby-3.0.0/gems/uri-0.13.0/lib/uri/mailto.rb:52: warning: previous definition of HEADER_REGEXP was here
/home/rails/.rvm/rubies/ruby-3.0.0/lib/ruby/3.0.0/uri/mailto.rb:55: warning: already initialized constant URI::MailTo::EMAIL_REGEXP
/home/rails/.rvm/gems/ruby-3.0.0/gems/uri-0.13.0/lib/uri/mailto.rb:55: warning: previous definition of EMAIL_REGEXP was here
Please specify a valid ruby command or the path of a script to run.
Run 'bin/rails runner -h' for help.

undefined method `third_wednesday_week?' for DailyResultStatsCalculator:Class
