  [1m[36mResultData Pluck (0.1ms)[0m  [1m[34mSELECT "result_data"."subject" FROM "result_data" WHERE (created_at >= '2024-07-24 23:59:59.999999' AND created_at < '2024-07-25 23:59:59.999999')[0m
  ↳ app/Calculation/daily_result_stats_calculator.rb:4:in `daily_result'
  [1m[36mResultData Minimum (0.1ms)[0m  [1m[34mSELECT MIN("result_data"."marks") FROM "result_data" WHERE (created_at >= '2024-07-24 23:59:59.999999' AND created_at < '2024-07-25 23:59:59.999999') AND "result_data"."subject" = ?[0m  [["subject", "English"]]
  ↳ app/Calculation/daily_result_stats_calculator.rb:7:in `block in daily_result'
  [1m[36mResultData Maximum (0.1ms)[0m  [1m[34mSELECT MAX("result_data"."marks") FROM "result_data" WHERE (created_at >= '2024-07-24 23:59:59.999999' AND created_at < '2024-07-25 23:59:59.999999') AND "result_data"."subject" = ?[0m  [["subject", "English"]]
  ↳ app/Calculation/daily_result_stats_calculator.rb:8:in `block in daily_result'
  [1m[36mResultData Count (0.1ms)[0m  [1m[34mSELECT COUNT(*) FROM "result_data" WHERE (created_at >= '2024-07-24 23:59:59.999999' AND created_at < '2024-07-25 23:59:59.999999') AND "result_data"."subject" = ?[0m  [["subject", "English"]]
  ↳ app/Calculation/daily_result_stats_calculator.rb:9:in `block in daily_result'
  [1m[36mTRANSACTION (0.1ms)[0m  [1m[36mbegin transaction[0m
  ↳ app/Calculation/daily_result_stats_calculator.rb:11:in `block in daily_result'
  [1m[36mDailyResultStat Create (0.9ms)[0m  [1m[32mINSERT INTO "daily_result_stats" ("date", "subject", "daily_low", "daily_high", "result_count", "created_at", "updated_at") VALUES (?, ?, ?, ?, ?, ?, ?) RETURNING "id"[0m  [["date", "2024-07-24"], ["subject", "English"], ["daily_low", 21.0], ["daily_high", 98.0], ["result_count", 11], ["created_at", "2024-07-25 12:35:03.559513"], ["updated_at", "2024-07-25 12:35:03.559513"]]
  ↳ app/Calculation/daily_result_stats_calculator.rb:11:in `block in daily_result'
  [1m[36mTRANSACTION (0.1ms)[0m  [1m[36mcommit transaction[0m
  ↳ app/Calculation/daily_result_stats_calculator.rb:11:in `block in daily_result'
  [1m[36mResultData Minimum (0.1ms)[0m  [1m[34mSELECT MIN("result_data"."marks") FROM "result_data" WHERE (created_at >= '2024-07-24 23:59:59.999999' AND created_at < '2024-07-25 23:59:59.999999') AND "result_data"."subject" = ?[0m  [["subject", "Science"]]
  ↳ app/Calculation/daily_result_stats_calculator.rb:7:in `block in daily_result'
  [1m[36mResultData Maximum (0.1ms)[0m  [1m[34mSELECT MAX("result_data"."marks") FROM "result_data" WHERE (created_at >= '2024-07-24 23:59:59.999999' AND created_at < '2024-07-25 23:59:59.999999') AND "result_data"."subject" = ?[0m  [["subject", "Science"]]
  ↳ app/Calculation/daily_result_stats_calculator.rb:8:in `block in daily_result'
  [1m[36mResultData Count (0.1ms)[0m  [1m[34mSELECT COUNT(*) FROM "result_data" WHERE (created_at >= '2024-07-24 23:59:59.999999' AND created_at < '2024-07-25 23:59:59.999999') AND "result_data"."subject" = ?[0m  [["subject", "Science"]]
  ↳ app/Calculation/daily_result_stats_calculator.rb:9:in `block in daily_result'
  [1m[36mTRANSACTION (0.0ms)[0m  [1m[36mbegin transaction[0m
  ↳ app/Calculation/daily_result_stats_calculator.rb:11:in `block in daily_result'
  [1m[36mDailyResultStat Create (0.7ms)[0m  [1m[32mINSERT INTO "daily_result_stats" ("date", "subject", "daily_low", "daily_high", "result_count", "created_at", "updated_at") VALUES (?, ?, ?, ?, ?, ?, ?) RETURNING "id"[0m  [["date", "2024-07-24"], ["subject", "Science"], ["daily_low", 48.0], ["daily_high", 97.0], ["result_count", 6], ["created_at", "2024-07-25 12:35:03.564674"], ["updated_at", "2024-07-25 12:35:03.564674"]]
  ↳ app/Calculation/daily_result_stats_calculator.rb:11:in `block in daily_result'
  [1m[36mTRANSACTION (0.1ms)[0m  [1m[36mcommit transaction[0m
  ↳ app/Calculation/daily_result_stats_calculator.rb:11:in `block in daily_result'
  [1m[36mResultData Load (0.2ms)[0m  [1m[34mSELECT "result_data".* FROM "result_data" WHERE (created_at >= '2024-07-25 23:59:59.999999' AND created_at < '2024-07-26 23:59:59.999999') /* loading for pp */ LIMIT ?[0m  [["LIMIT", 11]]
  [1m[36mResultData Load (0.3ms)[0m  [1m[34mSELECT "result_data".* FROM "result_data" WHERE (created_at >= '2024-07-25 23:59:59.999999' AND created_at < '2024-07-26 23:59:59.999999') /* loading for pp */ LIMIT ?[0m  [["LIMIT", 11]]
Started POST "/results_data" for ::1 at 2024-07-26 13:15:18 +0530
  [1m[36mActiveRecord::SchemaMigration Load (0.2ms)[0m  [1m[34mSELECT "schema_migrations"."version" FROM "schema_migrations" ORDER BY "schema_migrations"."version" ASC[0m
Processing by ResultsDataController#create as */*
  Parameters: {"subject"=>"Science", "marks"=>"48", "timestamp"=>"2022-04-16 05:31:44.678"}
  [1m[36mTRANSACTION (0.1ms)[0m  [1m[36mbegin transaction[0m
  ↳ app/controllers/results_data_controller.rb:6:in `create'
  [1m[36mResultData Create (1.4ms)[0m  [1m[32mINSERT INTO "result_data" ("subject", "timestamp", "marks", "created_at", "updated_at") VALUES (?, ?, ?, ?, ?) RETURNING "id"[0m  [["subject", "Science"], ["timestamp", "2022-04-16 05:31:44.678000"], ["marks", 48.0], ["created_at", "2024-07-26 07:45:19.042457"], ["updated_at", "2024-07-26 07:45:19.042457"]]
  ↳ app/controllers/results_data_controller.rb:6:in `create'
  [1m[36mTRANSACTION (0.6ms)[0m  [1m[36mcommit transaction[0m
  ↳ app/controllers/results_data_controller.rb:6:in `create'
Completed 200 OK in 88ms (Views: 0.2ms | ActiveRecord: 3.4ms | Allocations: 100514)


Started POST "/results_data" for ::1 at 2024-07-26 13:15:30 +0530
Processing by ResultsDataController#create as */*
  Parameters: {"subject"=>"Science", "marks"=>"48", "timestamp"=>"2022-04-15 05:31:44.678"}
  [1m[36mTRANSACTION (0.1ms)[0m  [1m[36mbegin transaction[0m
  ↳ app/controllers/results_data_controller.rb:6:in `create'
  [1m[36mResultData Create (0.9ms)[0m  [1m[32mINSERT INTO "result_data" ("subject", "timestamp", "marks", "created_at", "updated_at") VALUES (?, ?, ?, ?, ?) RETURNING "id"[0m  [["subject", "Science"], ["timestamp", "2022-04-15 05:31:44.678000"], ["marks", 48.0], ["created_at", "2024-07-26 07:45:30.762086"], ["updated_at", "2024-07-26 07:45:30.762086"]]
  ↳ app/controllers/results_data_controller.rb:6:in `create'
  [1m[36mTRANSACTION (0.1ms)[0m  [1m[36mcommit transaction[0m
  ↳ app/controllers/results_data_controller.rb:6:in `create'
Completed 200 OK in 3ms (Views: 0.1ms | ActiveRecord: 1.1ms | Allocations: 2084)


Started POST "/results_data" for ::1 at 2024-07-26 13:15:35 +0530
Processing by ResultsDataController#create as */*
  Parameters: {"subject"=>"Science", "marks"=>"47", "timestamp"=>"2022-04-15 05:31:44.678"}
  [1m[36mTRANSACTION (0.1ms)[0m  [1m[36mbegin transaction[0m
  ↳ app/controllers/results_data_controller.rb:6:in `create'
  [1m[36mResultData Create (1.0ms)[0m  [1m[32mINSERT INTO "result_data" ("subject", "timestamp", "marks", "created_at", "updated_at") VALUES (?, ?, ?, ?, ?) RETURNING "id"[0m  [["subject", "Science"], ["timestamp", "2022-04-15 05:31:44.678000"], ["marks", 47.0], ["created_at", "2024-07-26 07:45:35.338188"], ["updated_at", "2024-07-26 07:45:35.338188"]]
  ↳ app/controllers/results_data_controller.rb:6:in `create'
  [1m[36mTRANSACTION (0.1ms)[0m  [1m[36mcommit transaction[0m
  ↳ app/controllers/results_data_controller.rb:6:in `create'
Completed 200 OK in 3ms (Views: 0.1ms | ActiveRecord: 1.1ms | Allocations: 2082)


Started POST "/results_data" for ::1 at 2024-07-26 13:15:42 +0530
Processing by ResultsDataController#create as */*
  Parameters: {"subject"=>"Science", "marks"=>"45", "timestamp"=>"2022-04-15 05:31:44.678"}
  [1m[36mTRANSACTION (0.1ms)[0m  [1m[36mbegin transaction[0m
  ↳ app/controllers/results_data_controller.rb:6:in `create'
  [1m[36mResultData Create (1.0ms)[0m  [1m[32mINSERT INTO "result_data" ("subject", "timestamp", "marks", "created_at", "updated_at") VALUES (?, ?, ?, ?, ?) RETURNING "id"[0m  [["subject", "Science"], ["timestamp", "2022-04-15 05:31:44.678000"], ["marks", 45.0], ["created_at", "2024-07-26 07:45:42.541451"], ["updated_at", "2024-07-26 07:45:42.541451"]]
  ↳ app/controllers/results_data_controller.rb:6:in `create'
  [1m[36mTRANSACTION (0.1ms)[0m  [1m[36mcommit transaction[0m
  ↳ app/controllers/results_data_controller.rb:6:in `create'
Completed 200 OK in 4ms (Views: 0.2ms | ActiveRecord: 1.1ms | Allocations: 2082)


  [1m[36mResultData Load (0.2ms)[0m  [1m[34mSELECT "result_data".* FROM "result_data" WHERE (created_at >= '2024-07-25 23:59:59.999999' AND created_at < '2024-07-26 23:59:59.999999') /* loading for pp */ LIMIT ?[0m  [["LIMIT", 11]]
  [1m[36mResultData Load (0.4ms)[0m  [1m[34mSELECT "result_data".* FROM "result_data" WHERE (created_at >= '2024-07-25 23:59:59.999999' AND created_at < '2024-07-26 23:59:59.999999') /* loading for pp */ LIMIT ?[0m  [["LIMIT", 11]]
  [1m[36mResultData Load (0.2ms)[0m  [1m[34mSELECT "result_data".* FROM "result_data" WHERE (created_at >= '2024-07-25 23:59:59.999999' AND created_at < '2024-07-26 23:59:59.999999') /* loading for pp */ LIMIT ?[0m  [["LIMIT", 11]]
  [1m[36mResultData Load (0.4ms)[0m  [1m[34mSELECT "result_data".* FROM "result_data" WHERE (created_at >= '2024-07-25 23:59:59.999999' AND created_at < '2024-07-26 23:59:59.999999') /* loading for pp */ LIMIT ?[0m  [["LIMIT", 11]]
  [1m[36mResultData Load (0.5ms)[0m  [1m[34mSELECT "result_data".* FROM "result_data" WHERE (created_at >= '2024-07-25 23:59:59.999999' AND created_at < '2024-07-26 23:59:59.999999') /* loading for pp */ LIMIT ?[0m  [["LIMIT", 11]]
  [1m[36mResultData Load (0.4ms)[0m  [1m[34mSELECT "result_data".* FROM "result_data" /* loading for pp */ LIMIT ?[0m  [["LIMIT", 11]]
  [1m[36mResultData Load (0.3ms)[0m  [1m[34mSELECT "result_data".* FROM "result_data" /* loading for pp */ LIMIT ?[0m  [["LIMIT", 11]]
  [1m[36mResultData Load (0.1ms)[0m  [1m[34mSELECT "result_data".* FROM "result_data" WHERE "result_data"."id" = ? LIMIT ?[0m  [["id", 36], ["LIMIT", 1]]
  [1m[36mResultData Load (0.1ms)[0m  [1m[34mSELECT "result_data".* FROM "result_data" WHERE (created_at >= '2024-07-25 23:59:59.999999' AND created_at < '2024-07-26 23:59:59.999999') /* loading for pp */ LIMIT ?[0m  [["LIMIT", 11]]
  [1m[36mResultData Pluck (0.3ms)[0m  [1m[34mSELECT "result_data"."subject" FROM "result_data" WHERE (created_at >= '2024-07-25 23:59:59.999999' AND created_at < '2024-07-26 23:59:59.999999')[0m
  [1m[36mResultData Minimum (0.1ms)[0m  [1m[34mSELECT MIN("result_data"."marks") FROM "result_data" WHERE (created_at >= '2024-07-25 23:59:59.999999' AND created_at < '2024-07-26 23:59:59.999999') AND "result_data"."subject" = ?[0m  [["subject", "Science"]]
  [1m[36mResultData Minimum (0.1ms)[0m  [1m[34mSELECT MIN("result_data"."marks") FROM "result_data" WHERE (created_at >= '2024-07-25 23:59:59.999999' AND created_at < '2024-07-26 23:59:59.999999') AND "result_data"."subject" = ?[0m  [["subject", "Science"]]
  [1m[36mResultData Maximum (0.1ms)[0m  [1m[34mSELECT MAX("result_data"."marks") FROM "result_data" WHERE (created_at >= '2024-07-25 23:59:59.999999' AND created_at < '2024-07-26 23:59:59.999999') AND "result_data"."subject" = ?[0m  [["subject", "Science"]]
  [1m[36mResultData Count (0.1ms)[0m  [1m[34mSELECT COUNT(*) FROM "result_data" WHERE (created_at >= '2024-07-25 23:59:59.999999' AND created_at < '2024-07-26 23:59:59.999999') AND "result_data"."subject" = ?[0m  [["subject", "Science"]]
  [1m[36mTRANSACTION (0.1ms)[0m  [1m[36mbegin transaction[0m
  [1m[36mDailyResultStat Create (0.5ms)[0m  [1m[32mINSERT INTO "daily_result_stats" ("date", "subject", "daily_low", "daily_high", "result_count", "created_at", "updated_at") VALUES (?, ?, ?, ?, ?, ?, ?) RETURNING "id"[0m  [["date", "2024-07-25"], ["subject", "Science"], ["daily_low", 45.0], ["daily_high", 48.0], ["result_count", 4], ["created_at", "2024-07-26 10:53:53.271154"], ["updated_at", "2024-07-26 10:53:53.271154"]]
  [1m[36mTRANSACTION (0.1ms)[0m  [1m[36mcommit transaction[0m
  [1m[36mDailyResultStat Load (0.4ms)[0m  [1m[34mSELECT "daily_result_stats".* FROM "daily_result_stats" /* loading for pp */ LIMIT ?[0m  [["LIMIT", 11]]
  [1m[36mDailyResultStat Load (0.2ms)[0m  [1m[34mSELECT "daily_result_stats".* FROM "daily_result_stats" /* loading for pp */ LIMIT ?[0m  [["LIMIT", 11]]
  [1m[36mDailyResultStat Load (0.3ms)[0m  [1m[34mSELECT "daily_result_stats".* FROM "daily_result_stats" WHERE "daily_result_stats"."id" = ? LIMIT ?[0m  [["id", 15], ["LIMIT", 1]]
  [1m[36mDailyResultStat Load (0.2ms)[0m  [1m[34mSELECT "daily_result_stats".* FROM "daily_result_stats" WHERE "daily_result_stats"."id" = ? LIMIT ?[0m  [["id", 14], ["LIMIT", 1]]
  [1m[36mResultData Load (0.3ms)[0m  [1m[34mSELECT "result_data".* FROM "result_data" /* loading for pp */ LIMIT ?[0m  [["LIMIT", 11]]
  [1m[36mResultData Load (0.2ms)[0m  [1m[34mSELECT "result_data".* FROM "result_data" WHERE "result_data"."id" = ? LIMIT ?[0m  [["id", nil], ["LIMIT", 1]]
  [1m[36mResultData Load (0.1ms)[0m  [1m[34mSELECT "result_data".* FROM "result_data" WHERE "result_data"."subject" = ? LIMIT ?[0m  [["subject", "Science"], ["LIMIT", 1]]
  [1m[36mResultData Load (0.3ms)[0m  [1m[34mSELECT "result_data".* FROM "result_data" /* loading for pp */ LIMIT ?[0m  [["LIMIT", 11]]
  [1m[36mResultData Load (0.2ms)[0m  [1m[34mSELECT "result_data".* FROM "result_data" WHERE "result_data"."subject" = ? LIMIT ?[0m  [["subject", "hindi"], ["LIMIT", 1]]
  [1m[36mMonthlyAverage Load (10.6ms)[0m  [1m[34mSELECT "monthly_averages".* FROM "monthly_averages" /* loading for pp */ LIMIT ?[0m  [["LIMIT", 11]]
  [1m[36mDailyResultStat Load (0.3ms)[0m  [1m[34mSELECT "daily_result_stats".* FROM "daily_result_stats" /* loading for pp */ LIMIT ?[0m  [["LIMIT", 11]]
  [1m[36mDailyResultStat Load (0.1ms)[0m  [1m[34mSELECT "daily_result_stats".* FROM "daily_result_stats" WHERE "daily_result_stats"."id" = ? LIMIT ?[0m  [["id", 8], ["LIMIT", 1]]
  [1m[36mDailyResultStat Load (0.4ms)[0m  [1m[34mSELECT "daily_result_stats".* FROM "daily_result_stats" WHERE "daily_result_stats"."date" = ? LIMIT ?[0m  [["date", -2006], ["LIMIT", 1]]
  [1m[36mDailyResultStat Load (0.2ms)[0m  [1m[34mSELECT "daily_result_stats".* FROM "daily_result_stats" WHERE "daily_result_stats"."date" = ? LIMIT ?[0m  [["date", "2024-07-25"], ["LIMIT", 1]]
  [1m[36mResultData Pluck (0.6ms)[0m  [1m[34mSELECT "result_data"."subject" FROM "result_data" WHERE (created_at >= '2024-07-25 23:59:59.999999' AND created_at < '2024-07-26 23:59:59.999999')[0m
  ↳ app/Calculation/daily_result_stats_calculator.rb:4:in `daily_result'
  [1m[36mResultData Minimum (0.5ms)[0m  [1m[34mSELECT MIN("result_data"."marks") FROM "result_data" WHERE (created_at >= '2024-07-25 23:59:59.999999' AND created_at < '2024-07-26 23:59:59.999999') AND "result_data"."subject" = ?[0m  [["subject", "Science"]]
  ↳ app/Calculation/daily_result_stats_calculator.rb:7:in `block in daily_result'
  [1m[36mResultData Maximum (0.1ms)[0m  [1m[34mSELECT MAX("result_data"."marks") FROM "result_data" WHERE (created_at >= '2024-07-25 23:59:59.999999' AND created_at < '2024-07-26 23:59:59.999999') AND "result_data"."subject" = ?[0m  [["subject", "Science"]]
  ↳ app/Calculation/daily_result_stats_calculator.rb:8:in `block in daily_result'
  [1m[36mResultData Count (0.1ms)[0m  [1m[34mSELECT COUNT(*) FROM "result_data" WHERE (created_at >= '2024-07-25 23:59:59.999999' AND created_at < '2024-07-26 23:59:59.999999') AND "result_data"."subject" = ?[0m  [["subject", "Science"]]
  ↳ app/Calculation/daily_result_stats_calculator.rb:9:in `block in daily_result'
  [1m[36mTRANSACTION (0.1ms)[0m  [1m[36mbegin transaction[0m
  ↳ app/Calculation/daily_result_stats_calculator.rb:11:in `block in daily_result'
  [1m[36mDailyResultStat Create (1.7ms)[0m  [1m[32mINSERT INTO "daily_result_stats" ("date", "subject", "daily_low", "daily_high", "result_count", "created_at", "updated_at") VALUES (?, ?, ?, ?, ?, ?, ?) RETURNING "id"[0m  [["date", "2024-07-25"], ["subject", "Science"], ["daily_low", 45.0], ["daily_high", 48.0], ["result_count", 4], ["created_at", "2024-07-26 12:35:03.589518"], ["updated_at", "2024-07-26 12:35:03.589518"]]
  ↳ app/Calculation/daily_result_stats_calculator.rb:11:in `block in daily_result'
  [1m[36mTRANSACTION (0.1ms)[0m  [1m[36mcommit transaction[0m
  ↳ app/Calculation/daily_result_stats_calculator.rb:11:in `block in daily_result'
  [1m[36mDailyResultStat Load (0.4ms)[0m  [1m[34mSELECT "daily_result_stats".* FROM "daily_result_stats" /* loading for pp */ LIMIT ?[0m  [["LIMIT", 11]]
  [1m[36mMonthlyAverage Load (0.7ms)[0m  [1m[34mSELECT "monthly_averages".* FROM "monthly_averages" /* loading for pp */ LIMIT ?[0m  [["LIMIT", 11]]
  [1m[36mDailyResultStat Load (0.2ms)[0m  [1m[34mSELECT "daily_result_stats".* FROM "daily_result_stats" WHERE "daily_result_stats"."date" = ? LIMIT ?[0m  [["date", "2024-07-25"], ["LIMIT", 1]]
  [1m[36mDailyResultStat Load (0.2ms)[0m  [1m[34mSELECT "daily_result_stats".* FROM "daily_result_stats" WHERE "daily_result_stats"."date" = ? LIMIT ?[0m  [["date", "2024-07-25"], ["LIMIT", 1]]
  [1m[36mDailyResultStat Load (0.1ms)[0m  [1m[34mSELECT "daily_result_stats".* FROM "daily_result_stats" WHERE "daily_result_stats"."date" = ? LIMIT ?[0m  [["date", "2024-07-25"], ["LIMIT", 1]]
  [1m[36mDailyResultStat Load (0.1ms)[0m  [1m[34mSELECT "daily_result_stats".* FROM "daily_result_stats" WHERE "daily_result_stats"."date" = ? LIMIT ?[0m  [["date", "2024-07-25"], ["LIMIT", 1]]
  [1m[36mDailyResultStat Load (0.2ms)[0m  [1m[34mSELECT "daily_result_stats".* FROM "daily_result_stats" WHERE "daily_result_stats"."date" = ? LIMIT ?[0m  [["date", "2024-07-25"], ["LIMIT", 1]]
  [1m[36mResultData Minimum (0.5ms)[0m  [1m[34mSELECT MIN("result_data"."marks") FROM "result_data" WHERE (created_at >= '2024-07-25 23:59:59.999999' AND created_at < '2024-07-26 23:59:59.999999') AND "result_data"."subject" = ?[0m  [["subject", "Science"]]
  [1m[36mResultData Maximum (0.3ms)[0m  [1m[34mSELECT MAX("result_data"."marks") FROM "result_data" WHERE (created_at >= '2024-07-25 23:59:59.999999' AND created_at < '2024-07-26 23:59:59.999999') AND "result_data"."subject" = ?[0m  [["subject", "Science"]]
  [1m[36mResultData Count (0.3ms)[0m  [1m[34mSELECT COUNT(*) FROM "result_data" WHERE (created_at >= '2024-07-25 23:59:59.999999' AND created_at < '2024-07-26 23:59:59.999999') AND "result_data"."subject" = ?[0m  [["subject", "Science"]]
  [1m[36mResultData Minimum (0.1ms)[0m  [1m[34mSELECT MIN("result_data"."marks") FROM "result_data" WHERE (created_at >= '2024-07-25 23:59:59.999999' AND created_at < '2024-07-26 23:59:59.999999') AND "result_data"."subject" = ?[0m  [["subject", "Science"]]
  [1m[36mResultData Maximum (0.1ms)[0m  [1m[34mSELECT MAX("result_data"."marks") FROM "result_data" WHERE (created_at >= '2024-07-25 23:59:59.999999' AND created_at < '2024-07-26 23:59:59.999999') AND "result_data"."subject" = ?[0m  [["subject", "Science"]]
  [1m[36mResultData Count (0.1ms)[0m  [1m[34mSELECT COUNT(*) FROM "result_data" WHERE (created_at >= '2024-07-25 23:59:59.999999' AND created_at < '2024-07-26 23:59:59.999999') AND "result_data"."subject" = ?[0m  [["subject", "Science"]]
  [1m[36mResultData Minimum (0.1ms)[0m  [1m[34mSELECT MIN("result_data"."marks") FROM "result_data" WHERE (created_at >= '2024-07-25 23:59:59.999999' AND created_at < '2024-07-26 23:59:59.999999') AND "result_data"."subject" = ?[0m  [["subject", "Science"]]
  [1m[36mResultData Maximum (0.1ms)[0m  [1m[34mSELECT MAX("result_data"."marks") FROM "result_data" WHERE (created_at >= '2024-07-25 23:59:59.999999' AND created_at < '2024-07-26 23:59:59.999999') AND "result_data"."subject" = ?[0m  [["subject", "Science"]]
  [1m[36mResultData Count (0.1ms)[0m  [1m[34mSELECT COUNT(*) FROM "result_data" WHERE (created_at >= '2024-07-25 23:59:59.999999' AND created_at < '2024-07-26 23:59:59.999999') AND "result_data"."subject" = ?[0m  [["subject", "Science"]]
  [1m[36mResultData Load (0.3ms)[0m  [1m[34mSELECT "result_data".* FROM "result_data" /* loading for pp */ LIMIT ?[0m  [["LIMIT", 11]]
  [1m[36mResultData Load (0.3ms)[0m  [1m[34mSELECT "result_data".* FROM "result_data" ORDER BY "result_data"."id" DESC LIMIT ?[0m  [["LIMIT", 1]]
  [1m[36mResultData Load (0.3ms)[0m  [1m[34mSELECT "result_data".* FROM "result_data"[0m
  [1m[36mDailyResultStat Load (0.3ms)[0m  [1m[34mSELECT "daily_result_stats".* FROM "daily_result_stats" /* loading for pp */ LIMIT ?[0m  [["LIMIT", 11]]
  [1m[36mResultData Load (1.2ms)[0m  [1m[34mSELECT "result_data".* FROM "result_data" /* loading for pp */ LIMIT ?[0m  [["LIMIT", 11]]
  [1m[36mDailyResultStat Load (0.1ms)[0m  [1m[34mSELECT "daily_result_stats".* FROM "daily_result_stats" /* loading for pp */ LIMIT ?[0m  [["LIMIT", 11]]
Started GET "/" for 127.0.0.1 at 2024-07-29 11:29:26 +0530
  [1m[36mActiveRecord::SchemaMigration Load (0.4ms)[0m  [1m[34mSELECT "schema_migrations"."version" FROM "schema_migrations" ORDER BY "schema_migrations"."version" ASC[0m
Processing by ResultsDataController#index as HTML
  [1m[36mResultData Load (0.2ms)[0m  [1m[34mSELECT "result_data".* FROM "result_data"[0m
  ↳ app/controllers/results_data_controller.rb:15:in `index'
Completed 200 OK in 66ms (Views: 37.3ms | ActiveRecord: 2.0ms | Allocations: 103646)


  [1m[36mDailyResultStat Load (0.2ms)[0m  [1m[34mSELECT "daily_result_stats".* FROM "daily_result_stats" WHERE "daily_result_stats"."subject" = ? LIMIT ?[0m  [["subject", "Science"], ["LIMIT", 1]]
  [1m[36mDailyResultStat Count (0.3ms)[0m  [1m[34mSELECT COUNT(*) FROM "daily_result_stats"[0m
  [1m[36mDailyResultStat Count (0.2ms)[0m  [1m[34mSELECT COUNT(*) FROM "daily_result_stats"[0m
  [1m[36mDailyResultStat Load (0.2ms)[0m  [1m[34mSELECT "daily_result_stats".* FROM "daily_result_stats" WHERE "daily_result_stats"."subject" = ? LIMIT ?[0m  [["subject", "Science"], ["LIMIT", 1]]
